Arguments: 
  /Users/jinglv/.nvm/versions/node/v18.0.0/bin/node /usr/local/Cellar/yarn/1.22.19/libexec/bin/yarn.js add clsx

PATH: 
  /Users/jinglv/.nvm/versions/node/v18.0.0/bin:/usr/local/bin:/usr/bin:/bin:/usr/sbin:/sbin:/Library/Apple/usr/bin:/Users/jinglv/Library/Application Support/JetBrains/Toolbox/scripts

Yarn version: 
  1.22.19

Node version: 
  18.0.0

Platform: 
  darwin x64

Trace: 
  Error: https://registry.yarnpkg.com/@heroicons%2freact: ETIMEDOUT
      at Timeout._onTimeout (/usr/local/Cellar/yarn/1.22.19/libexec/lib/cli.js:141550:19)
      at listOnTimeout (node:internal/timers:564:17)
      at process.processTimers (node:internal/timers:507:7)

npm manifest: 
  {
    "name": "next-demo",
    "version": "0.1.0",
    "private": true,
    "scripts": {
      "dev": "next dev",
      "build": "next build",
      "start": "next start",
      "lint": "next lint"
    },
    "dependencies": {
      "@heroicons/react": "^2.1.1",
      "next": "14.1.0",
      "react": "^18",
      "react-dom": "^18"
    },
    "devDependencies": {
      "@types/node": "^20",
      "@types/react": "^18",
      "@types/react-dom": "^18",
      "autoprefixer": "^10.0.1",
      "eslint": "^8",
      "eslint-config-next": "14.1.0",
      "postcss": "^8",
      "tailwindcss": "^3.3.0",
      "typescript": "^5"
    }
  }

yarn manifest: 
  No manifest

Lockfile: 
  No lockfile
